<?xml version="1.0" encoding="UTF-8"?>
<testsuite xmlns:xsi="http://www.w3.org/2001/XMLSchema-instance" xsi:noNamespaceSchemaLocation="https://maven.apache.org/surefire/maven-surefire-plugin/xsd/surefire-test-report-3.0.xsd" version="3.0" name="org.dljl.service.AppointmentServiceTest" time="0.576" tests="52" errors="0" skipped="0" failures="0">
  <properties>
    <property name="java.specification.version" value="17"/>
    <property name="sun.cpu.isalist" value="amd64"/>
    <property name="sun.jnu.encoding" value="UTF-8"/>
    <property name="java.class.path" value="C:\Users\20689\Desktop\4156-project\appointment-management-service\appointment-management\target\test-classes;C:\Users\20689\Desktop\4156-project\appointment-management-service\appointment-management\target\classes;C:\Users\20689\.m2\repository\org\springframework\boot\spring-boot-starter-web\3.1.4\spring-boot-starter-web-3.1.4.jar;C:\Users\20689\.m2\repository\org\springframework\boot\spring-boot-starter\3.1.4\spring-boot-starter-3.1.4.jar;C:\Users\20689\.m2\repository\org\springframework\boot\spring-boot\3.1.4\spring-boot-3.1.4.jar;C:\Users\20689\.m2\repository\org\springframework\boot\spring-boot-autoconfigure\3.1.4\spring-boot-autoconfigure-3.1.4.jar;C:\Users\20689\.m2\repository\org\springframework\boot\spring-boot-starter-logging\3.1.4\spring-boot-starter-logging-3.1.4.jar;C:\Users\20689\.m2\repository\ch\qos\logback\logback-classic\1.4.11\logback-classic-1.4.11.jar;C:\Users\20689\.m2\repository\ch\qos\logback\logback-core\1.4.11\logback-core-1.4.11.jar;C:\Users\20689\.m2\repository\org\apache\logging\log4j\log4j-to-slf4j\2.20.0\log4j-to-slf4j-2.20.0.jar;C:\Users\20689\.m2\repository\org\apache\logging\log4j\log4j-api\2.20.0\log4j-api-2.20.0.jar;C:\Users\20689\.m2\repository\org\slf4j\jul-to-slf4j\2.0.9\jul-to-slf4j-2.0.9.jar;C:\Users\20689\.m2\repository\jakarta\annotation\jakarta.annotation-api\2.1.1\jakarta.annotation-api-2.1.1.jar;C:\Users\20689\.m2\repository\org\yaml\snakeyaml\1.33\snakeyaml-1.33.jar;C:\Users\20689\.m2\repository\org\springframework\boot\spring-boot-starter-json\3.1.4\spring-boot-starter-json-3.1.4.jar;C:\Users\20689\.m2\repository\com\fasterxml\jackson\core\jackson-databind\2.15.2\jackson-databind-2.15.2.jar;C:\Users\20689\.m2\repository\com\fasterxml\jackson\core\jackson-core\2.15.2\jackson-core-2.15.2.jar;C:\Users\20689\.m2\repository\com\fasterxml\jackson\datatype\jackson-datatype-jdk8\2.15.2\jackson-datatype-jdk8-2.15.2.jar;C:\Users\20689\.m2\repository\com\fasterxml\jackson\datatype\jackson-datatype-jsr310\2.15.2\jackson-datatype-jsr310-2.15.2.jar;C:\Users\20689\.m2\repository\com\fasterxml\jackson\module\jackson-module-parameter-names\2.15.2\jackson-module-parameter-names-2.15.2.jar;C:\Users\20689\.m2\repository\org\springframework\boot\spring-boot-starter-tomcat\3.1.4\spring-boot-starter-tomcat-3.1.4.jar;C:\Users\20689\.m2\repository\org\apache\tomcat\embed\tomcat-embed-core\10.1.13\tomcat-embed-core-10.1.13.jar;C:\Users\20689\.m2\repository\org\apache\tomcat\embed\tomcat-embed-el\10.1.13\tomcat-embed-el-10.1.13.jar;C:\Users\20689\.m2\repository\org\apache\tomcat\embed\tomcat-embed-websocket\10.1.13\tomcat-embed-websocket-10.1.13.jar;C:\Users\20689\.m2\repository\org\springframework\spring-web\6.0.12\spring-web-6.0.12.jar;C:\Users\20689\.m2\repository\org\springframework\spring-beans\6.0.12\spring-beans-6.0.12.jar;C:\Users\20689\.m2\repository\io\micrometer\micrometer-observation\1.11.4\micrometer-observation-1.11.4.jar;C:\Users\20689\.m2\repository\io\micrometer\micrometer-commons\1.11.4\micrometer-commons-1.11.4.jar;C:\Users\20689\.m2\repository\org\springframework\spring-webmvc\6.0.12\spring-webmvc-6.0.12.jar;C:\Users\20689\.m2\repository\org\springframework\spring-aop\6.0.12\spring-aop-6.0.12.jar;C:\Users\20689\.m2\repository\org\springframework\spring-context\6.0.12\spring-context-6.0.12.jar;C:\Users\20689\.m2\repository\org\springframework\spring-expression\6.0.12\spring-expression-6.0.12.jar;C:\Users\20689\.m2\repository\org\mybatis\spring\boot\mybatis-spring-boot-starter\3.0.1\mybatis-spring-boot-starter-3.0.1.jar;C:\Users\20689\.m2\repository\org\springframework\boot\spring-boot-starter-jdbc\3.1.4\spring-boot-starter-jdbc-3.1.4.jar;C:\Users\20689\.m2\repository\com\zaxxer\HikariCP\5.0.1\HikariCP-5.0.1.jar;C:\Users\20689\.m2\repository\org\springframework\spring-jdbc\6.0.12\spring-jdbc-6.0.12.jar;C:\Users\20689\.m2\repository\org\springframework\spring-tx\6.0.12\spring-tx-6.0.12.jar;C:\Users\20689\.m2\repository\org\mybatis\spring\boot\mybatis-spring-boot-autoconfigure\3.0.1\mybatis-spring-boot-autoconfigure-3.0.1.jar;C:\Users\20689\.m2\repository\org\mybatis\mybatis\3.5.11\mybatis-3.5.11.jar;C:\Users\20689\.m2\repository\org\mybatis\mybatis-spring\3.0.1\mybatis-spring-3.0.1.jar;C:\Users\20689\.m2\repository\com\mysql\mysql-connector-j\8.3.0\mysql-connector-j-8.3.0.jar;C:\Users\20689\.m2\repository\org\projectlombok\lombok\1.18.30\lombok-1.18.30.jar;C:\Users\20689\.m2\repository\org\springframework\boot\spring-boot-starter-test\3.1.4\spring-boot-starter-test-3.1.4.jar;C:\Users\20689\.m2\repository\org\springframework\boot\spring-boot-test\3.1.4\spring-boot-test-3.1.4.jar;C:\Users\20689\.m2\repository\org\springframework\boot\spring-boot-test-autoconfigure\3.1.4\spring-boot-test-autoconfigure-3.1.4.jar;C:\Users\20689\.m2\repository\com\jayway\jsonpath\json-path\2.8.0\json-path-2.8.0.jar;C:\Users\20689\.m2\repository\jakarta\xml\bind\jakarta.xml.bind-api\4.0.1\jakarta.xml.bind-api-4.0.1.jar;C:\Users\20689\.m2\repository\jakarta\activation\jakarta.activation-api\2.1.2\jakarta.activation-api-2.1.2.jar;C:\Users\20689\.m2\repository\net\minidev\json-smart\2.4.11\json-smart-2.4.11.jar;C:\Users\20689\.m2\repository\net\minidev\accessors-smart\2.4.11\accessors-smart-2.4.11.jar;C:\Users\20689\.m2\repository\org\ow2\asm\asm\9.3\asm-9.3.jar;C:\Users\20689\.m2\repository\org\assertj\assertj-core\3.24.2\assertj-core-3.24.2.jar;C:\Users\20689\.m2\repository\org\hamcrest\hamcrest\2.2\hamcrest-2.2.jar;C:\Users\20689\.m2\repository\org\mockito\mockito-junit-jupiter\5.3.1\mockito-junit-jupiter-5.3.1.jar;C:\Users\20689\.m2\repository\org\skyscreamer\jsonassert\1.5.1\jsonassert-1.5.1.jar;C:\Users\20689\.m2\repository\com\vaadin\external\google\android-json\0.0.20131108.vaadin1\android-json-0.0.20131108.vaadin1.jar;C:\Users\20689\.m2\repository\org\springframework\spring-core\6.0.12\spring-core-6.0.12.jar;C:\Users\20689\.m2\repository\org\springframework\spring-jcl\6.0.12\spring-jcl-6.0.12.jar;C:\Users\20689\.m2\repository\org\springframework\spring-test\6.0.12\spring-test-6.0.12.jar;C:\Users\20689\.m2\repository\org\xmlunit\xmlunit-core\2.9.1\xmlunit-core-2.9.1.jar;C:\Users\20689\.m2\repository\org\springdoc\springdoc-openapi-starter-webmvc-ui\2.1.0\springdoc-openapi-starter-webmvc-ui-2.1.0.jar;C:\Users\20689\.m2\repository\org\springdoc\springdoc-openapi-starter-webmvc-api\2.1.0\springdoc-openapi-starter-webmvc-api-2.1.0.jar;C:\Users\20689\.m2\repository\org\springdoc\springdoc-openapi-starter-common\2.1.0\springdoc-openapi-starter-common-2.1.0.jar;C:\Users\20689\.m2\repository\io\swagger\core\v3\swagger-core-jakarta\2.2.9\swagger-core-jakarta-2.2.9.jar;C:\Users\20689\.m2\repository\org\apache\commons\commons-lang3\3.12.0\commons-lang3-3.12.0.jar;C:\Users\20689\.m2\repository\io\swagger\core\v3\swagger-annotations-jakarta\2.2.9\swagger-annotations-jakarta-2.2.9.jar;C:\Users\20689\.m2\repository\io\swagger\core\v3\swagger-models-jakarta\2.2.9\swagger-models-jakarta-2.2.9.jar;C:\Users\20689\.m2\repository\jakarta\validation\jakarta.validation-api\3.0.2\jakarta.validation-api-3.0.2.jar;C:\Users\20689\.m2\repository\com\fasterxml\jackson\dataformat\jackson-dataformat-yaml\2.15.2\jackson-dataformat-yaml-2.15.2.jar;C:\Users\20689\.m2\repository\org\webjars\swagger-ui\4.18.2\swagger-ui-4.18.2.jar;C:\Users\20689\.m2\repository\org\mockito\mockito-core\4.0.0\mockito-core-4.0.0.jar;C:\Users\20689\.m2\repository\net\bytebuddy\byte-buddy\1.14.8\byte-buddy-1.14.8.jar;C:\Users\20689\.m2\repository\net\bytebuddy\byte-buddy-agent\1.14.8\byte-buddy-agent-1.14.8.jar;C:\Users\20689\.m2\repository\org\objenesis\objenesis\3.2\objenesis-3.2.jar;C:\Users\20689\.m2\repository\com\google\cloud\sql\mysql-socket-factory-connector-j-8\1.11.0\mysql-socket-factory-connector-j-8-1.11.0.jar;C:\Users\20689\.m2\repository\com\google\cloud\sql\jdbc-socket-factory-core\1.11.0\jdbc-socket-factory-core-1.11.0.jar;C:\Users\20689\.m2\repository\dev\failsafe\failsafe\3.3.0\failsafe-3.3.0.jar;C:\Users\20689\.m2\repository\com\github\jnr\jnr-unixsocket\0.38.19\jnr-unixsocket-0.38.19.jar;C:\Users\20689\.m2\repository\com\github\jnr\jnr-ffi\2.2.13\jnr-ffi-2.2.13.jar;C:\Users\20689\.m2\repository\com\github\jnr\jffi\1.3.10\jffi-1.3.10.jar;C:\Users\20689\.m2\repository\com\github\jnr\jffi\1.3.10\jffi-1.3.10-native.jar;C:\Users\20689\.m2\repository\org\ow2\asm\asm-commons\9.2\asm-commons-9.2.jar;C:\Users\20689\.m2\repository\com\github\jnr\jnr-a64asm\1.0.0\jnr-a64asm-1.0.0.jar;C:\Users\20689\.m2\repository\com\github\jnr\jnr-x86asm\1.0.2\jnr-x86asm-1.0.2.jar;C:\Users\20689\.m2\repository\com\github\jnr\jnr-constants\0.10.4\jnr-constants-0.10.4.jar;C:\Users\20689\.m2\repository\com\github\jnr\jnr-enxio\0.32.14\jnr-enxio-0.32.14.jar;C:\Users\20689\.m2\repository\com\github\jnr\jnr-posix\3.1.16\jnr-posix-3.1.16.jar;C:\Users\20689\.m2\repository\org\ow2\asm\asm-util\9.4\asm-util-9.4.jar;C:\Users\20689\.m2\repository\org\ow2\asm\asm-tree\9.4\asm-tree-9.4.jar;C:\Users\20689\.m2\repository\org\ow2\asm\asm-analysis\9.4\asm-analysis-9.4.jar;C:\Users\20689\.m2\repository\com\google\http-client\google-http-client\1.42.3\google-http-client-1.42.3.jar;C:\Users\20689\.m2\repository\org\apache\httpcomponents\httpclient\4.5.13\httpclient-4.5.13.jar;C:\Users\20689\.m2\repository\commons-logging\commons-logging\1.2\commons-logging-1.2.jar;C:\Users\20689\.m2\repository\org\apache\httpcomponents\httpcore\4.4.16\httpcore-4.4.16.jar;C:\Users\20689\.m2\repository\io\opencensus\opencensus-api\0.31.1\opencensus-api-0.31.1.jar;C:\Users\20689\.m2\repository\io\grpc\grpc-context\1.27.2\grpc-context-1.27.2.jar;C:\Users\20689\.m2\repository\io\opencensus\opencensus-contrib-http-util\0.31.1\opencensus-contrib-http-util-0.31.1.jar;C:\Users\20689\.m2\repository\com\google\errorprone\error_prone_annotations\2.16\error_prone_annotations-2.16.jar;C:\Users\20689\.m2\repository\com\google\http-client\google-http-client-gson\1.43.0\google-http-client-gson-1.43.0.jar;C:\Users\20689\.m2\repository\com\google\code\gson\gson\2.10.1\gson-2.10.1.jar;C:\Users\20689\.m2\repository\com\google\api-client\google-api-client\2.1.1\google-api-client-2.1.1.jar;C:\Users\20689\.m2\repository\commons-codec\commons-codec\1.15\commons-codec-1.15.jar;C:\Users\20689\.m2\repository\com\google\http-client\google-http-client-apache-v2\1.42.3\google-http-client-apache-v2-1.42.3.jar;C:\Users\20689\.m2\repository\org\checkerframework\checker-compat-qual\2.5.5\checker-compat-qual-2.5.5.jar;C:\Users\20689\.m2\repository\com\google\apis\google-api-services-sqladmin\v1beta4-rev20230111-2.0.0\google-api-services-sqladmin-v1beta4-rev20230111-2.0.0.jar;C:\Users\20689\.m2\repository\com\google\auth\google-auth-library-oauth2-http\1.13.0\google-auth-library-oauth2-http-1.13.0.jar;C:\Users\20689\.m2\repository\com\google\auto\value\auto-value-annotations\1.10\auto-value-annotations-1.10.jar;C:\Users\20689\.m2\repository\com\google\auth\google-auth-library-credentials\1.13.0\google-auth-library-credentials-1.13.0.jar;C:\Users\20689\.m2\repository\com\google\oauth-client\google-oauth-client\1.34.1\google-oauth-client-1.34.1.jar;C:\Users\20689\.m2\repository\com\google\api\gax\2.23.1\gax-2.23.1.jar;C:\Users\20689\.m2\repository\com\google\guava\guava\31.1-android\guava-31.1-android.jar;C:\Users\20689\.m2\repository\com\google\guava\failureaccess\1.0.1\failureaccess-1.0.1.jar;C:\Users\20689\.m2\repository\com\google\guava\listenablefuture\9999.0-empty-to-avoid-conflict-with-guava\listenablefuture-9999.0-empty-to-avoid-conflict-with-guava.jar;C:\Users\20689\.m2\repository\com\google\code\findbugs\jsr305\3.0.2\jsr305-3.0.2.jar;C:\Users\20689\.m2\repository\org\checkerframework\checker-qual\3.12.0\checker-qual-3.12.0.jar;C:\Users\20689\.m2\repository\com\google\j2objc\j2objc-annotations\1.3\j2objc-annotations-1.3.jar;C:\Users\20689\.m2\repository\com\h2database\h2\2.2.220\h2-2.2.220.jar;C:\Users\20689\.m2\repository\org\junit\jupiter\junit-jupiter\5.10.0\junit-jupiter-5.10.0.jar;C:\Users\20689\.m2\repository\org\junit\jupiter\junit-jupiter-api\5.9.3\junit-jupiter-api-5.9.3.jar;C:\Users\20689\.m2\repository\org\opentest4j\opentest4j\1.2.0\opentest4j-1.2.0.jar;C:\Users\20689\.m2\repository\org\junit\platform\junit-platform-commons\1.9.3\junit-platform-commons-1.9.3.jar;C:\Users\20689\.m2\repository\org\apiguardian\apiguardian-api\1.1.2\apiguardian-api-1.1.2.jar;C:\Users\20689\.m2\repository\org\junit\jupiter\junit-jupiter-params\5.9.3\junit-jupiter-params-5.9.3.jar;C:\Users\20689\.m2\repository\org\junit\jupiter\junit-jupiter-engine\5.9.3\junit-jupiter-engine-5.9.3.jar;C:\Users\20689\.m2\repository\org\junit\platform\junit-platform-engine\1.9.3\junit-platform-engine-1.9.3.jar;C:\Users\20689\.m2\repository\org\testcontainers\testcontainers\1.19.0\testcontainers-1.19.0.jar;C:\Users\20689\.m2\repository\junit\junit\4.13.2\junit-4.13.2.jar;C:\Users\20689\.m2\repository\org\hamcrest\hamcrest-core\2.2\hamcrest-core-2.2.jar;C:\Users\20689\.m2\repository\org\slf4j\slf4j-api\2.0.9\slf4j-api-2.0.9.jar;C:\Users\20689\.m2\repository\org\apache\commons\commons-compress\1.23.0\commons-compress-1.23.0.jar;C:\Users\20689\.m2\repository\org\rnorth\duct-tape\duct-tape\1.0.8\duct-tape-1.0.8.jar;C:\Users\20689\.m2\repository\org\jetbrains\annotations\17.0.0\annotations-17.0.0.jar;C:\Users\20689\.m2\repository\com\github\docker-java\docker-java-api\3.3.3\docker-java-api-3.3.3.jar;C:\Users\20689\.m2\repository\com\fasterxml\jackson\core\jackson-annotations\2.15.2\jackson-annotations-2.15.2.jar;C:\Users\20689\.m2\repository\com\github\docker-java\docker-java-transport-zerodep\3.3.3\docker-java-transport-zerodep-3.3.3.jar;C:\Users\20689\.m2\repository\com\github\docker-java\docker-java-transport\3.3.3\docker-java-transport-3.3.3.jar;C:\Users\20689\.m2\repository\net\java\dev\jna\jna\5.12.1\jna-5.12.1.jar;C:\Users\20689\.m2\repository\org\testcontainers\junit-jupiter\1.19.0\junit-jupiter-1.19.0.jar;C:\Users\20689\.m2\repository\org\testcontainers\mysql\1.19.0\mysql-1.19.0.jar;C:\Users\20689\.m2\repository\org\testcontainers\jdbc\1.18.3\jdbc-1.18.3.jar;C:\Users\20689\.m2\repository\org\testcontainers\database-commons\1.18.3\database-commons-1.18.3.jar;C:\Users\20689\.m2\repository\mysql\mysql-connector-java\8.0.28\mysql-connector-java-8.0.28.jar;C:\Users\20689\.m2\repository\com\google\protobuf\protobuf-java\3.11.4\protobuf-java-3.11.4.jar;"/>
    <property name="java.vm.vendor" value="Eclipse Adoptium"/>
    <property name="sun.arch.data.model" value="64"/>
    <property name="user.variant" value=""/>
    <property name="java.vendor.url" value="https://adoptium.net/"/>
    <property name="user.timezone" value="America/New_York"/>
    <property name="os.name" value="Windows 11"/>
    <property name="java.vm.specification.version" value="17"/>
    <property name="sun.java.launcher" value="SUN_STANDARD"/>
    <property name="user.country" value="US"/>
    <property name="sun.boot.library.path" value="C:\Users\20689\AppData\Local\Programs\Eclipse Adoptium\jdk-17.0.8.101-hotspot\bin"/>
    <property name="sun.java.command" value="C:\Users\20689\AppData\Local\Temp\surefire5006534361667156189\surefirebooter-20241127202049505_3.jar C:\Users\20689\AppData\Local\Temp\surefire5006534361667156189 2024-11-27T20-20-49_198-jvmRun1 surefire-20241127202049505_1tmp surefire_0-20241127202049505_2tmp"/>
    <property name="jdk.debug" value="release"/>
    <property name="surefire.test.class.path" value="C:\Users\20689\Desktop\4156-project\appointment-management-service\appointment-management\target\test-classes;C:\Users\20689\Desktop\4156-project\appointment-management-service\appointment-management\target\classes;C:\Users\20689\.m2\repository\org\springframework\boot\spring-boot-starter-web\3.1.4\spring-boot-starter-web-3.1.4.jar;C:\Users\20689\.m2\repository\org\springframework\boot\spring-boot-starter\3.1.4\spring-boot-starter-3.1.4.jar;C:\Users\20689\.m2\repository\org\springframework\boot\spring-boot\3.1.4\spring-boot-3.1.4.jar;C:\Users\20689\.m2\repository\org\springframework\boot\spring-boot-autoconfigure\3.1.4\spring-boot-autoconfigure-3.1.4.jar;C:\Users\20689\.m2\repository\org\springframework\boot\spring-boot-starter-logging\3.1.4\spring-boot-starter-logging-3.1.4.jar;C:\Users\20689\.m2\repository\ch\qos\logback\logback-classic\1.4.11\logback-classic-1.4.11.jar;C:\Users\20689\.m2\repository\ch\qos\logback\logback-core\1.4.11\logback-core-1.4.11.jar;C:\Users\20689\.m2\repository\org\apache\logging\log4j\log4j-to-slf4j\2.20.0\log4j-to-slf4j-2.20.0.jar;C:\Users\20689\.m2\repository\org\apache\logging\log4j\log4j-api\2.20.0\log4j-api-2.20.0.jar;C:\Users\20689\.m2\repository\org\slf4j\jul-to-slf4j\2.0.9\jul-to-slf4j-2.0.9.jar;C:\Users\20689\.m2\repository\jakarta\annotation\jakarta.annotation-api\2.1.1\jakarta.annotation-api-2.1.1.jar;C:\Users\20689\.m2\repository\org\yaml\snakeyaml\1.33\snakeyaml-1.33.jar;C:\Users\20689\.m2\repository\org\springframework\boot\spring-boot-starter-json\3.1.4\spring-boot-starter-json-3.1.4.jar;C:\Users\20689\.m2\repository\com\fasterxml\jackson\core\jackson-databind\2.15.2\jackson-databind-2.15.2.jar;C:\Users\20689\.m2\repository\com\fasterxml\jackson\core\jackson-core\2.15.2\jackson-core-2.15.2.jar;C:\Users\20689\.m2\repository\com\fasterxml\jackson\datatype\jackson-datatype-jdk8\2.15.2\jackson-datatype-jdk8-2.15.2.jar;C:\Users\20689\.m2\repository\com\fasterxml\jackson\datatype\jackson-datatype-jsr310\2.15.2\jackson-datatype-jsr310-2.15.2.jar;C:\Users\20689\.m2\repository\com\fasterxml\jackson\module\jackson-module-parameter-names\2.15.2\jackson-module-parameter-names-2.15.2.jar;C:\Users\20689\.m2\repository\org\springframework\boot\spring-boot-starter-tomcat\3.1.4\spring-boot-starter-tomcat-3.1.4.jar;C:\Users\20689\.m2\repository\org\apache\tomcat\embed\tomcat-embed-core\10.1.13\tomcat-embed-core-10.1.13.jar;C:\Users\20689\.m2\repository\org\apache\tomcat\embed\tomcat-embed-el\10.1.13\tomcat-embed-el-10.1.13.jar;C:\Users\20689\.m2\repository\org\apache\tomcat\embed\tomcat-embed-websocket\10.1.13\tomcat-embed-websocket-10.1.13.jar;C:\Users\20689\.m2\repository\org\springframework\spring-web\6.0.12\spring-web-6.0.12.jar;C:\Users\20689\.m2\repository\org\springframework\spring-beans\6.0.12\spring-beans-6.0.12.jar;C:\Users\20689\.m2\repository\io\micrometer\micrometer-observation\1.11.4\micrometer-observation-1.11.4.jar;C:\Users\20689\.m2\repository\io\micrometer\micrometer-commons\1.11.4\micrometer-commons-1.11.4.jar;C:\Users\20689\.m2\repository\org\springframework\spring-webmvc\6.0.12\spring-webmvc-6.0.12.jar;C:\Users\20689\.m2\repository\org\springframework\spring-aop\6.0.12\spring-aop-6.0.12.jar;C:\Users\20689\.m2\repository\org\springframework\spring-context\6.0.12\spring-context-6.0.12.jar;C:\Users\20689\.m2\repository\org\springframework\spring-expression\6.0.12\spring-expression-6.0.12.jar;C:\Users\20689\.m2\repository\org\mybatis\spring\boot\mybatis-spring-boot-starter\3.0.1\mybatis-spring-boot-starter-3.0.1.jar;C:\Users\20689\.m2\repository\org\springframework\boot\spring-boot-starter-jdbc\3.1.4\spring-boot-starter-jdbc-3.1.4.jar;C:\Users\20689\.m2\repository\com\zaxxer\HikariCP\5.0.1\HikariCP-5.0.1.jar;C:\Users\20689\.m2\repository\org\springframework\spring-jdbc\6.0.12\spring-jdbc-6.0.12.jar;C:\Users\20689\.m2\repository\org\springframework\spring-tx\6.0.12\spring-tx-6.0.12.jar;C:\Users\20689\.m2\repository\org\mybatis\spring\boot\mybatis-spring-boot-autoconfigure\3.0.1\mybatis-spring-boot-autoconfigure-3.0.1.jar;C:\Users\20689\.m2\repository\org\mybatis\mybatis\3.5.11\mybatis-3.5.11.jar;C:\Users\20689\.m2\repository\org\mybatis\mybatis-spring\3.0.1\mybatis-spring-3.0.1.jar;C:\Users\20689\.m2\repository\com\mysql\mysql-connector-j\8.3.0\mysql-connector-j-8.3.0.jar;C:\Users\20689\.m2\repository\org\projectlombok\lombok\1.18.30\lombok-1.18.30.jar;C:\Users\20689\.m2\repository\org\springframework\boot\spring-boot-starter-test\3.1.4\spring-boot-starter-test-3.1.4.jar;C:\Users\20689\.m2\repository\org\springframework\boot\spring-boot-test\3.1.4\spring-boot-test-3.1.4.jar;C:\Users\20689\.m2\repository\org\springframework\boot\spring-boot-test-autoconfigure\3.1.4\spring-boot-test-autoconfigure-3.1.4.jar;C:\Users\20689\.m2\repository\com\jayway\jsonpath\json-path\2.8.0\json-path-2.8.0.jar;C:\Users\20689\.m2\repository\jakarta\xml\bind\jakarta.xml.bind-api\4.0.1\jakarta.xml.bind-api-4.0.1.jar;C:\Users\20689\.m2\repository\jakarta\activation\jakarta.activation-api\2.1.2\jakarta.activation-api-2.1.2.jar;C:\Users\20689\.m2\repository\net\minidev\json-smart\2.4.11\json-smart-2.4.11.jar;C:\Users\20689\.m2\repository\net\minidev\accessors-smart\2.4.11\accessors-smart-2.4.11.jar;C:\Users\20689\.m2\repository\org\ow2\asm\asm\9.3\asm-9.3.jar;C:\Users\20689\.m2\repository\org\assertj\assertj-core\3.24.2\assertj-core-3.24.2.jar;C:\Users\20689\.m2\repository\org\hamcrest\hamcrest\2.2\hamcrest-2.2.jar;C:\Users\20689\.m2\repository\org\mockito\mockito-junit-jupiter\5.3.1\mockito-junit-jupiter-5.3.1.jar;C:\Users\20689\.m2\repository\org\skyscreamer\jsonassert\1.5.1\jsonassert-1.5.1.jar;C:\Users\20689\.m2\repository\com\vaadin\external\google\android-json\0.0.20131108.vaadin1\android-json-0.0.20131108.vaadin1.jar;C:\Users\20689\.m2\repository\org\springframework\spring-core\6.0.12\spring-core-6.0.12.jar;C:\Users\20689\.m2\repository\org\springframework\spring-jcl\6.0.12\spring-jcl-6.0.12.jar;C:\Users\20689\.m2\repository\org\springframework\spring-test\6.0.12\spring-test-6.0.12.jar;C:\Users\20689\.m2\repository\org\xmlunit\xmlunit-core\2.9.1\xmlunit-core-2.9.1.jar;C:\Users\20689\.m2\repository\org\springdoc\springdoc-openapi-starter-webmvc-ui\2.1.0\springdoc-openapi-starter-webmvc-ui-2.1.0.jar;C:\Users\20689\.m2\repository\org\springdoc\springdoc-openapi-starter-webmvc-api\2.1.0\springdoc-openapi-starter-webmvc-api-2.1.0.jar;C:\Users\20689\.m2\repository\org\springdoc\springdoc-openapi-starter-common\2.1.0\springdoc-openapi-starter-common-2.1.0.jar;C:\Users\20689\.m2\repository\io\swagger\core\v3\swagger-core-jakarta\2.2.9\swagger-core-jakarta-2.2.9.jar;C:\Users\20689\.m2\repository\org\apache\commons\commons-lang3\3.12.0\commons-lang3-3.12.0.jar;C:\Users\20689\.m2\repository\io\swagger\core\v3\swagger-annotations-jakarta\2.2.9\swagger-annotations-jakarta-2.2.9.jar;C:\Users\20689\.m2\repository\io\swagger\core\v3\swagger-models-jakarta\2.2.9\swagger-models-jakarta-2.2.9.jar;C:\Users\20689\.m2\repository\jakarta\validation\jakarta.validation-api\3.0.2\jakarta.validation-api-3.0.2.jar;C:\Users\20689\.m2\repository\com\fasterxml\jackson\dataformat\jackson-dataformat-yaml\2.15.2\jackson-dataformat-yaml-2.15.2.jar;C:\Users\20689\.m2\repository\org\webjars\swagger-ui\4.18.2\swagger-ui-4.18.2.jar;C:\Users\20689\.m2\repository\org\mockito\mockito-core\4.0.0\mockito-core-4.0.0.jar;C:\Users\20689\.m2\repository\net\bytebuddy\byte-buddy\1.14.8\byte-buddy-1.14.8.jar;C:\Users\20689\.m2\repository\net\bytebuddy\byte-buddy-agent\1.14.8\byte-buddy-agent-1.14.8.jar;C:\Users\20689\.m2\repository\org\objenesis\objenesis\3.2\objenesis-3.2.jar;C:\Users\20689\.m2\repository\com\google\cloud\sql\mysql-socket-factory-connector-j-8\1.11.0\mysql-socket-factory-connector-j-8-1.11.0.jar;C:\Users\20689\.m2\repository\com\google\cloud\sql\jdbc-socket-factory-core\1.11.0\jdbc-socket-factory-core-1.11.0.jar;C:\Users\20689\.m2\repository\dev\failsafe\failsafe\3.3.0\failsafe-3.3.0.jar;C:\Users\20689\.m2\repository\com\github\jnr\jnr-unixsocket\0.38.19\jnr-unixsocket-0.38.19.jar;C:\Users\20689\.m2\repository\com\github\jnr\jnr-ffi\2.2.13\jnr-ffi-2.2.13.jar;C:\Users\20689\.m2\repository\com\github\jnr\jffi\1.3.10\jffi-1.3.10.jar;C:\Users\20689\.m2\repository\com\github\jnr\jffi\1.3.10\jffi-1.3.10-native.jar;C:\Users\20689\.m2\repository\org\ow2\asm\asm-commons\9.2\asm-commons-9.2.jar;C:\Users\20689\.m2\repository\com\github\jnr\jnr-a64asm\1.0.0\jnr-a64asm-1.0.0.jar;C:\Users\20689\.m2\repository\com\github\jnr\jnr-x86asm\1.0.2\jnr-x86asm-1.0.2.jar;C:\Users\20689\.m2\repository\com\github\jnr\jnr-constants\0.10.4\jnr-constants-0.10.4.jar;C:\Users\20689\.m2\repository\com\github\jnr\jnr-enxio\0.32.14\jnr-enxio-0.32.14.jar;C:\Users\20689\.m2\repository\com\github\jnr\jnr-posix\3.1.16\jnr-posix-3.1.16.jar;C:\Users\20689\.m2\repository\org\ow2\asm\asm-util\9.4\asm-util-9.4.jar;C:\Users\20689\.m2\repository\org\ow2\asm\asm-tree\9.4\asm-tree-9.4.jar;C:\Users\20689\.m2\repository\org\ow2\asm\asm-analysis\9.4\asm-analysis-9.4.jar;C:\Users\20689\.m2\repository\com\google\http-client\google-http-client\1.42.3\google-http-client-1.42.3.jar;C:\Users\20689\.m2\repository\org\apache\httpcomponents\httpclient\4.5.13\httpclient-4.5.13.jar;C:\Users\20689\.m2\repository\commons-logging\commons-logging\1.2\commons-logging-1.2.jar;C:\Users\20689\.m2\repository\org\apache\httpcomponents\httpcore\4.4.16\httpcore-4.4.16.jar;C:\Users\20689\.m2\repository\io\opencensus\opencensus-api\0.31.1\opencensus-api-0.31.1.jar;C:\Users\20689\.m2\repository\io\grpc\grpc-context\1.27.2\grpc-context-1.27.2.jar;C:\Users\20689\.m2\repository\io\opencensus\opencensus-contrib-http-util\0.31.1\opencensus-contrib-http-util-0.31.1.jar;C:\Users\20689\.m2\repository\com\google\errorprone\error_prone_annotations\2.16\error_prone_annotations-2.16.jar;C:\Users\20689\.m2\repository\com\google\http-client\google-http-client-gson\1.43.0\google-http-client-gson-1.43.0.jar;C:\Users\20689\.m2\repository\com\google\code\gson\gson\2.10.1\gson-2.10.1.jar;C:\Users\20689\.m2\repository\com\google\api-client\google-api-client\2.1.1\google-api-client-2.1.1.jar;C:\Users\20689\.m2\repository\commons-codec\commons-codec\1.15\commons-codec-1.15.jar;C:\Users\20689\.m2\repository\com\google\http-client\google-http-client-apache-v2\1.42.3\google-http-client-apache-v2-1.42.3.jar;C:\Users\20689\.m2\repository\org\checkerframework\checker-compat-qual\2.5.5\checker-compat-qual-2.5.5.jar;C:\Users\20689\.m2\repository\com\google\apis\google-api-services-sqladmin\v1beta4-rev20230111-2.0.0\google-api-services-sqladmin-v1beta4-rev20230111-2.0.0.jar;C:\Users\20689\.m2\repository\com\google\auth\google-auth-library-oauth2-http\1.13.0\google-auth-library-oauth2-http-1.13.0.jar;C:\Users\20689\.m2\repository\com\google\auto\value\auto-value-annotations\1.10\auto-value-annotations-1.10.jar;C:\Users\20689\.m2\repository\com\google\auth\google-auth-library-credentials\1.13.0\google-auth-library-credentials-1.13.0.jar;C:\Users\20689\.m2\repository\com\google\oauth-client\google-oauth-client\1.34.1\google-oauth-client-1.34.1.jar;C:\Users\20689\.m2\repository\com\google\api\gax\2.23.1\gax-2.23.1.jar;C:\Users\20689\.m2\repository\com\google\guava\guava\31.1-android\guava-31.1-android.jar;C:\Users\20689\.m2\repository\com\google\guava\failureaccess\1.0.1\failureaccess-1.0.1.jar;C:\Users\20689\.m2\repository\com\google\guava\listenablefuture\9999.0-empty-to-avoid-conflict-with-guava\listenablefuture-9999.0-empty-to-avoid-conflict-with-guava.jar;C:\Users\20689\.m2\repository\com\google\code\findbugs\jsr305\3.0.2\jsr305-3.0.2.jar;C:\Users\20689\.m2\repository\org\checkerframework\checker-qual\3.12.0\checker-qual-3.12.0.jar;C:\Users\20689\.m2\repository\com\google\j2objc\j2objc-annotations\1.3\j2objc-annotations-1.3.jar;C:\Users\20689\.m2\repository\com\h2database\h2\2.2.220\h2-2.2.220.jar;C:\Users\20689\.m2\repository\org\junit\jupiter\junit-jupiter\5.10.0\junit-jupiter-5.10.0.jar;C:\Users\20689\.m2\repository\org\junit\jupiter\junit-jupiter-api\5.9.3\junit-jupiter-api-5.9.3.jar;C:\Users\20689\.m2\repository\org\opentest4j\opentest4j\1.2.0\opentest4j-1.2.0.jar;C:\Users\20689\.m2\repository\org\junit\platform\junit-platform-commons\1.9.3\junit-platform-commons-1.9.3.jar;C:\Users\20689\.m2\repository\org\apiguardian\apiguardian-api\1.1.2\apiguardian-api-1.1.2.jar;C:\Users\20689\.m2\repository\org\junit\jupiter\junit-jupiter-params\5.9.3\junit-jupiter-params-5.9.3.jar;C:\Users\20689\.m2\repository\org\junit\jupiter\junit-jupiter-engine\5.9.3\junit-jupiter-engine-5.9.3.jar;C:\Users\20689\.m2\repository\org\junit\platform\junit-platform-engine\1.9.3\junit-platform-engine-1.9.3.jar;C:\Users\20689\.m2\repository\org\testcontainers\testcontainers\1.19.0\testcontainers-1.19.0.jar;C:\Users\20689\.m2\repository\junit\junit\4.13.2\junit-4.13.2.jar;C:\Users\20689\.m2\repository\org\hamcrest\hamcrest-core\2.2\hamcrest-core-2.2.jar;C:\Users\20689\.m2\repository\org\slf4j\slf4j-api\2.0.9\slf4j-api-2.0.9.jar;C:\Users\20689\.m2\repository\org\apache\commons\commons-compress\1.23.0\commons-compress-1.23.0.jar;C:\Users\20689\.m2\repository\org\rnorth\duct-tape\duct-tape\1.0.8\duct-tape-1.0.8.jar;C:\Users\20689\.m2\repository\org\jetbrains\annotations\17.0.0\annotations-17.0.0.jar;C:\Users\20689\.m2\repository\com\github\docker-java\docker-java-api\3.3.3\docker-java-api-3.3.3.jar;C:\Users\20689\.m2\repository\com\fasterxml\jackson\core\jackson-annotations\2.15.2\jackson-annotations-2.15.2.jar;C:\Users\20689\.m2\repository\com\github\docker-java\docker-java-transport-zerodep\3.3.3\docker-java-transport-zerodep-3.3.3.jar;C:\Users\20689\.m2\repository\com\github\docker-java\docker-java-transport\3.3.3\docker-java-transport-3.3.3.jar;C:\Users\20689\.m2\repository\net\java\dev\jna\jna\5.12.1\jna-5.12.1.jar;C:\Users\20689\.m2\repository\org\testcontainers\junit-jupiter\1.19.0\junit-jupiter-1.19.0.jar;C:\Users\20689\.m2\repository\org\testcontainers\mysql\1.19.0\mysql-1.19.0.jar;C:\Users\20689\.m2\repository\org\testcontainers\jdbc\1.18.3\jdbc-1.18.3.jar;C:\Users\20689\.m2\repository\org\testcontainers\database-commons\1.18.3\database-commons-1.18.3.jar;C:\Users\20689\.m2\repository\mysql\mysql-connector-java\8.0.28\mysql-connector-java-8.0.28.jar;C:\Users\20689\.m2\repository\com\google\protobuf\protobuf-java\3.11.4\protobuf-java-3.11.4.jar;"/>
    <property name="sun.cpu.endian" value="little"/>
    <property name="user.home" value="C:\Users\20689"/>
    <property name="user.language" value="en"/>
    <property name="java.specification.vendor" value="Oracle Corporation"/>
    <property name="java.version.date" value="2023-08-24"/>
    <property name="java.home" value="C:\Users\20689\AppData\Local\Programs\Eclipse Adoptium\jdk-17.0.8.101-hotspot"/>
    <property name="file.separator" value="\"/>
    <property name="basedir" value="C:\Users\20689\Desktop\4156-project\appointment-management-service\appointment-management"/>
    <property name="java.vm.compressedOopsMode" value="Zero based"/>
    <property name="line.separator" value="&#10;"/>
    <property name="java.vm.specification.vendor" value="Oracle Corporation"/>
    <property name="java.specification.name" value="Java Platform API Specification"/>
    <property name="FILE_LOG_CHARSET" value="UTF-8"/>
    <property name="java.awt.headless" value="true"/>
    <property name="surefire.real.class.path" value="C:\Users\20689\AppData\Local\Temp\surefire5006534361667156189\surefirebooter-20241127202049505_3.jar"/>
    <property name="user.script" value=""/>
    <property name="sun.management.compiler" value="HotSpot 64-Bit Tiered Compilers"/>
    <property name="java.runtime.version" value="17.0.8.1+1"/>
    <property name="user.name" value="20689"/>
    <property name="path.separator" value=";"/>
    <property name="os.version" value="10.0"/>
    <property name="java.runtime.name" value="OpenJDK Runtime Environment"/>
    <property name="file.encoding" value="UTF-8"/>
    <property name="java.vm.name" value="OpenJDK 64-Bit Server VM"/>
    <property name="java.vendor.version" value="Temurin-17.0.8.1+1"/>
    <property name="localRepository" value="C:\Users\20689\.m2\repository"/>
    <property name="java.vendor.url.bug" value="https://github.com/adoptium/adoptium-support/issues"/>
    <property name="java.io.tmpdir" value="C:\Users\20689\AppData\Local\Temp\"/>
    <property name="java.version" value="17.0.8.1"/>
    <property name="user.dir" value="C:\Users\20689\Desktop\4156-project\appointment-management-service\appointment-management"/>
    <property name="os.arch" value="amd64"/>
    <property name="java.vm.specification.name" value="Java Virtual Machine Specification"/>
    <property name="PID" value="9564"/>
    <property name="sun.os.patch.level" value=""/>
    <property name="CONSOLE_LOG_CHARSET" value="UTF-8"/>
    <property name="native.encoding" value="UTF-8"/>
    <property name="java.library.path" value="C:\Users\20689\AppData\Local\Programs\Eclipse Adoptium\jdk-17.0.8.101-hotspot\bin;C:\WINDOWS\Sun\Java\bin;C:\WINDOWS\system32;C:\WINDOWS;C:\Program Files (x86)\Razer Chroma SDK\bin;C:\Program Files\Razer Chroma SDK\bin;C:\Program Files (x86)\Razer\ChromaBroadcast\bin;C:\Program Files\Razer\ChromaBroadcast\bin;C:\Windows\system32;C:\Windows;C:\Windows\System32\Wbem;C:\Windows\System32\WindowsPowerShell\v1.0\;C:\Windows\System32\OpenSSH\;C:\Program Files (x86)\NVIDIA Corporation\PhysX\Common;C:\Program Files\NVIDIA Corporation\NVIDIA NvDLISR;C:\WINDOWS\system32;C:\WINDOWS;C:\WINDOWS\System32\Wbem;C:\WINDOWS\System32\WindowsPowerShell\v1.0\;C:\WINDOWS\System32\OpenSSH\;C:\Program Files\PuTTY\;C:\Program Files\MATLAB\R2023b\bin;C:\Program Files\Git\cmd;C:\Program Files (x86)\Microsoft Visual Studio\2022\BuildTools\VC\Tools\MSVC\14.38.33130\bin\Hostx64\x86;C:\verilator\verilator-5.020\bin;C:\Program Files\R\R-4.3.2\bin;C:\Users\20689\Downloads\ideaIU-2024.1.4.win\bin;C:\Users\20689\AppData\Local\Programs\Microsoft VS Code\bin;C:\Program Files\Docker\Docker\resources\bin;C:\Program Files\apache-maven-3.9.5\bin;C:\Users\20689\Downloads\pmd-dist-7.5.0-bin\pmd-bin-7.5.0\bin;C:\Users\20689\Downloads\ideaIU-2024.1.4.win\jbr\bin;C:\Users\20689\Downloads\apache-jmeter-5.6.3\apache-jmeter-5.6.3\bin;C:\Users\20689\Downloads\kafka_2.13-3.7.0\kafka_2.13-3.7.0\bin;C:\WINDOWS\system32\config\systemprofile\AppData\Local\Microsoft\WindowsApps;C:\Users\20689\Downloads\apache-maven-3.9.9-bin\apache-maven-3.9.9\bin;C:\Program Files (x86)\Razer Chroma SDK\bin;C:\Program Files\Razer Chroma SDK\bin;C:\Program Files (x86)\Razer\ChromaBroadcast\bin;C:\Program Files\Razer\ChromaBroadcast\bin;C:\Windows\system32;C:\Windows;C:\Windows\System32\Wbem;C:\Windows\System32\WindowsPowerShell\v1.0\;C:\Windows\System32\OpenSSH\;C:\Program Files (x86)\NVIDIA Corporation\PhysX\Common;C:\Program Files\NVIDIA Corporation\NVIDIA NvDLISR;C:\WINDOWS\system32;C:\WINDOWS;C:\WINDOWS\System32\Wbem;C:\WINDOWS\System32\WindowsPowerShell\v1.0\;C:\WINDOWS\System32\OpenSSH\;C:\Program Files\PuTTY\;C:\Program Files\MATLAB\R2023b\bin;C:\Program Files\Git\cmd;C:\Program Files (x86)\Microsoft Visual Studio\2022\BuildTools\VC\Tools\MSVC\14.38.33130\bin\Hostx64\x86;C:\verilator\verilator-5.020\bin;C:\Program Files\R\R-4.3.2\bin;C:\Users\20689\Downloads\ideaIU-2024.1.4.win\bin;C:\Users\20689\AppData\Local\Programs\Microsoft VS Code\bin;C:\Program Files\Docker\Docker\resources\bin;C:\Program Files\apache-maven-3.9.5\bin;C:\Users\20689\Downloads\pmd-dist-7.5.0-bin\pmd-bin-7.5.0\bin;C:\Users\20689\Downloads\ideaIU-2024.1.4.win\jbr\bin;C:\Users\20689\Downloads\apache-jmeter-5.6.3\apache-jmeter-5.6.3\bin;C:\Users\20689\Downloads\kafka_2.13-3.7.0\kafka_2.13-3.7.0\bin;C:\WINDOWS\system32\config\systemprofile\AppData\Local\Microsoft\WindowsApps;C:\Users\20689\Downloads\apache-maven-3.9.9-bin\apache-maven-3.9.9\bin;;C:\Program Files\apache-maven-3.9.5\bin;C:\Users\20689\AppData\Local\Programs\Microsoft VS Code\bin;C:\Users\20689\AppData\Local\Google\Cloud SDK\google-cloud-sdk\bin;C:\Program Files\JetBrains\DataGrip 2024.2.2\bin;;."/>
    <property name="java.vm.info" value="mixed mode, sharing"/>
    <property name="java.vendor" value="Eclipse Adoptium"/>
    <property name="java.vm.version" value="17.0.8.1+1"/>
    <property name="sun.io.unicode.encoding" value="UnicodeLittle"/>
    <property name="java.class.version" value="61.0"/>
  </properties>
  <testcase name="testGetAvailableTimeIntervals_OverlappingAppointments" classname="org.dljl.service.AppointmentServiceTest" time="0.1"/>
  <testcase name="testCreateRecurringBlockConflict" classname="org.dljl.service.AppointmentServiceTest" time="0.011"/>
  <testcase name="testCancelAppointment_success" classname="org.dljl.service.AppointmentServiceTest" time="0.023"/>
  <testcase name="testGetAppointmentsByProviderAndDate_NoAppointments" classname="org.dljl.service.AppointmentServiceTest" time="0.006"/>
  <testcase name="testCreateBlock_OverlappingBlocks" classname="org.dljl.service.AppointmentServiceTest" time="0.007"/>
  <testcase name="testGetAvailableTimeIntervals_withMultipleAppointments" classname="org.dljl.service.AppointmentServiceTest" time="0.005"/>
  <testcase name="testGetAppointment_success" classname="org.dljl.service.AppointmentServiceTest" time="0.006"/>
  <testcase name="testCreateAppointment_throwsIllegalArgumentException" classname="org.dljl.service.AppointmentServiceTest" time="0.007"/>
  <testcase name="testCreateBlock_success" classname="org.dljl.service.AppointmentServiceTest" time="0.007"/>
  <testcase name="testCreateRecurringBlockInOneYear_ConflictsOnSpecificDays" classname="org.dljl.service.AppointmentServiceTest" time="0.168"/>
  <testcase name="testCreateBlock_throwsIllegalArgumentException_providerIdNull" classname="org.dljl.service.AppointmentServiceTest" time="0.003"/>
  <testcase name="testGetAvailableTimeIntervals_BackToBackAppointments" classname="org.dljl.service.AppointmentServiceTest" time="0.002"/>
  <testcase name="testCreateRecurringBlock_SingleDay" classname="org.dljl.service.AppointmentServiceTest" time="0.003"/>
  <testcase name="testGetAvailableTimeIntervals_withAppointments_returnsIntervals" classname="org.dljl.service.AppointmentServiceTest" time="0.004"/>
  <testcase name="testUpdateAppointmentDtoSetAndGetComments" classname="org.dljl.service.AppointmentServiceTest" time="0.002"/>
  <testcase name="testUpdateAppointment_NoChanges_NullValues" classname="org.dljl.service.AppointmentServiceTest" time="0.007"/>
  <testcase name="testCancelAppointment_failure" classname="org.dljl.service.AppointmentServiceTest" time="0.004"/>
  <testcase name="testUpdateAppointment_AppointmentIdNull" classname="org.dljl.service.AppointmentServiceTest" time="0.01"/>
  <testcase name="testCreateAppointment_timeConflict_throwsException" classname="org.dljl.service.AppointmentServiceTest" time="0.003"/>
  <testcase name="testDeleteBlock_NonExistent" classname="org.dljl.service.AppointmentServiceTest" time="0.002"/>
  <testcase name="testGetAvailableTimeIntervals_NoOverlap" classname="org.dljl.service.AppointmentServiceTest" time="0.001"/>
  <testcase name="testUpdateAppointment_MissingTimes" classname="org.dljl.service.AppointmentServiceTest" time="0.002"/>
  <testcase name="testCreateRecurringBlockInOneYear" classname="org.dljl.service.AppointmentServiceTest" time="0.05"/>
  <testcase name="testGetAvailableTimeIntervals_withNoAppointments" classname="org.dljl.service.AppointmentServiceTest" time="0.002"/>
  <testcase name="testCreateRecurringBlock" classname="org.dljl.service.AppointmentServiceTest" time="0.005"/>
  <testcase name="testCreateRecurringBlockInOneYear_Conflicts" classname="org.dljl.service.AppointmentServiceTest" time="0.034"/>
  <testcase name="testCreateRecurringBlock_nullProviderId" classname="org.dljl.service.AppointmentServiceTest" time="0.004"/>
  <testcase name="testGetAppointmentsByProviderAndDate_success" classname="org.dljl.service.AppointmentServiceTest" time="0.002"/>
  <testcase name="testGetAppointmentHistory_ServiceLayer" classname="org.dljl.service.AppointmentServiceTest" time="0.002"/>
  <testcase name="testCreateAppointment_Conflict" classname="org.dljl.service.AppointmentServiceTest" time="0.003"/>
  <testcase name="testCreateBlock_conflict_throwsException" classname="org.dljl.service.AppointmentServiceTest" time="0.004"/>
  <testcase name="testGetAppointmentsWithinDateRange_nullProviderId" classname="org.dljl.service.AppointmentServiceTest" time="0.002"/>
  <testcase name="testGetAppointmentsWithinDateRange_success" classname="org.dljl.service.AppointmentServiceTest" time="0.002"/>
  <testcase name="testUpdateAppointmentDtoSetAndGetServiceType" classname="org.dljl.service.AppointmentServiceTest" time="0.001"/>
  <testcase name="testCreateAppointment_NullEndTime" classname="org.dljl.service.AppointmentServiceTest" time="0.001"/>
  <testcase name="testUpdateAppointment_throwsIllegalArgumentException" classname="org.dljl.service.AppointmentServiceTest" time="0.002"/>
  <testcase name="testUpdateAppointmentDtoSetAndGetStatus" classname="org.dljl.service.AppointmentServiceTest" time="0.001"/>
  <testcase name="testUpdateAppointment_success" classname="org.dljl.service.AppointmentServiceTest" time="0.003"/>
  <testcase name="testUpdateAppointmentDtoSetAndGetUserId" classname="org.dljl.service.AppointmentServiceTest" time="0.001"/>
  <testcase name="testUpdateAppointmentEntityGetAppointmentId" classname="org.dljl.service.AppointmentServiceTest" time="0.002"/>
  <testcase name="testCreateAppointment_noConflicts_success" classname="org.dljl.service.AppointmentServiceTest" time="0.002"/>
  <testcase name="testGetAppointmentHistory_NoAppointments" classname="org.dljl.service.AppointmentServiceTest" time="0.002"/>
  <testcase name="testGetAvailableTimeIntervals_checkCurrentStart" classname="org.dljl.service.AppointmentServiceTest" time="0.002"/>
  <testcase name="testDeleteAppointment" classname="org.dljl.service.AppointmentServiceTest" time="0.002"/>
  <testcase name="testUpdateAppointment_conflict_throwsException" classname="org.dljl.service.AppointmentServiceTest" time="0.002"/>
  <testcase name="testCreateRecurringBlockInOneYear_NullProviderId" classname="org.dljl.service.AppointmentServiceTest" time="0.002"/>
  <testcase name="testCreateAppointment_throwsGenericException" classname="org.dljl.service.AppointmentServiceTest" time="0.003"/>
  <testcase name="testGetAppointmentsWithinDateRange_NullStartDate" classname="org.dljl.service.AppointmentServiceTest" time="0.003"/>
  <testcase name="testCancelAppointment_NonExistent" classname="org.dljl.service.AppointmentServiceTest" time="0.004"/>
  <testcase name="testGetAppointmentsByProviderId_success" classname="org.dljl.service.AppointmentServiceTest" time="0.003"/>
  <testcase name="testGetAvailableTimeIntervals_noAppointments_returnsFullDay" classname="org.dljl.service.AppointmentServiceTest" time="0.003"/>
  <testcase name="testGetAppointmentsWithinDateRange_StartDateAfterEndDate" classname="org.dljl.service.AppointmentServiceTest" time="0.003"/>
</testsuite>